<?xml version="1.0" encoding="UTF-8"?>
<!-- Generated by org.testng.reporters.JUnitReportReporter -->
<testsuite skipped="0" hostname="WIN-GEDESCREUP8" name="demo.integretion" tests="1" failures="0" timestamp="24 Apr 2018 23:10:37 GMT" time="8.297" errors="0">
  <testcase name="test" time="8.297" classname="demo.integretion"/>
</testsuite> <!-- demo.integretion -->
